<?xml version="1.0" encoding="UTF-8"?>
<!-- Generated by org.testng.reporters.JUnitReportReporter -->
<testsuite hostname="Bharadwaj-5CG4235VLN" failures="0" tests="5" name="com.testcases.URL_Verification" time="0.041" errors="0" timestamp="2024-08-22T12:57:01 IST" skipped="0">
  <testcase classname="com.testcases.URL_Verification" name="urlvalidaton" time="0.012"/>
  <system-out/>
  <testcase classname="com.testcases.URL_Verification" name="urlvalidaton" time="0.000"/>
  <system-out/>
  <testcase classname="com.testcases.URL_Verification" name="printResults" time="0.026"/>
  <system-out/>
  <testcase classname="com.testcases.URL_Verification" name="urlvalidaton" time="0.002"/>
  <system-out/>
  <testcase classname="com.testcases.URL_Verification" name="urlvalidaton" time="0.001"/>
  <system-out/>
</testsuite> <!-- com.testcases.URL_Verification -->
